<?xml version="1.0" encoding="UTF-8"?>
<testsuite name="com.zero.turist.TuristApplicationTests" tests="1" skipped="0" failures="0" errors="0" timestamp="2020-03-15T13:15:19" hostname="WIN-4K6FJLJAJSS" time="0.143">
  <properties/>
  <testcase name="contextLoads()" classname="com.zero.turist.TuristApplicationTests" time="0.143"/>
  <system-out><![CDATA[18:15:07.815 [Test worker] DEBUG org.springframework.test.context.BootstrapUtils - Instantiating CacheAwareContextLoaderDelegate from class [org.springframework.test.context.cache.DefaultCacheAwareContextLoaderDelegate]
18:15:07.841 [Test worker] DEBUG org.springframework.test.context.BootstrapUtils - Instantiating BootstrapContext using constructor [public org.springframework.test.context.support.DefaultBootstrapContext(java.lang.Class,org.springframework.test.context.CacheAwareContextLoaderDelegate)]
18:15:07.888 [Test worker] DEBUG org.springframework.test.context.BootstrapUtils - Instantiating TestContextBootstrapper for test class [com.zero.turist.TuristApplicationTests] from class [org.springframework.boot.test.context.SpringBootTestContextBootstrapper]
18:15:07.919 [Test worker] INFO org.springframework.boot.test.context.SpringBootTestContextBootstrapper - Neither @ContextConfiguration nor @ContextHierarchy found for test class [com.zero.turist.TuristApplicationTests], using SpringBootContextLoader
18:15:07.926 [Test worker] DEBUG org.springframework.test.context.support.AbstractContextLoader - Did not detect default resource location for test class [com.zero.turist.TuristApplicationTests]: class path resource [com/zero/turist/TuristApplicationTests-context.xml] does not exist
18:15:07.927 [Test worker] DEBUG org.springframework.test.context.support.AbstractContextLoader - Did not detect default resource location for test class [com.zero.turist.TuristApplicationTests]: class path resource [com/zero/turist/TuristApplicationTestsContext.groovy] does not exist
18:15:07.929 [Test worker] INFO org.springframework.test.context.support.AbstractContextLoader - Could not detect default resource locations for test class [com.zero.turist.TuristApplicationTests]: no resource found for suffixes {-context.xml, Context.groovy}.
18:15:07.931 [Test worker] INFO org.springframework.test.context.support.AnnotationConfigContextLoaderUtils - Could not detect default configuration classes for test class [com.zero.turist.TuristApplicationTests]: TuristApplicationTests does not declare any static, non-private, non-final, nested classes annotated with @Configuration.
18:15:08.018 [Test worker] DEBUG org.springframework.test.context.support.ActiveProfilesUtils - Could not find an 'annotation declaring class' for annotation type [org.springframework.test.context.ActiveProfiles] and class [com.zero.turist.TuristApplicationTests]
18:15:08.235 [Test worker] DEBUG org.springframework.context.annotation.ClassPathScanningCandidateComponentProvider - Identified candidate component class: file [D:\turist\build\classes\java\main\com\zero\turist\TuristApplication.class]
18:15:08.236 [Test worker] INFO org.springframework.boot.test.context.SpringBootTestContextBootstrapper - Found @SpringBootConfiguration com.zero.turist.TuristApplication for test class com.zero.turist.TuristApplicationTests
18:15:08.373 [Test worker] DEBUG org.springframework.boot.test.context.SpringBootTestContextBootstrapper - @TestExecutionListeners is not present for class [com.zero.turist.TuristApplicationTests]: using defaults.
18:15:08.376 [Test worker] INFO org.springframework.boot.test.context.SpringBootTestContextBootstrapper - Loaded default TestExecutionListener class names from location [META-INF/spring.factories]: [org.springframework.boot.test.autoconfigure.restdocs.RestDocsTestExecutionListener, org.springframework.boot.test.autoconfigure.web.client.MockRestServiceServerResetTestExecutionListener, org.springframework.boot.test.autoconfigure.web.servlet.MockMvcPrintOnlyOnFailureTestExecutionListener, org.springframework.boot.test.autoconfigure.web.servlet.WebDriverTestExecutionListener, org.springframework.boot.test.mock.mockito.MockitoTestExecutionListener, org.springframework.boot.test.mock.mockito.ResetMocksTestExecutionListener, org.springframework.test.context.web.ServletTestExecutionListener, org.springframework.test.context.support.DirtiesContextBeforeModesTestExecutionListener, org.springframework.test.context.support.DependencyInjectionTestExecutionListener, org.springframework.test.context.support.DirtiesContextTestExecutionListener, org.springframework.test.context.transaction.TransactionalTestExecutionListener, org.springframework.test.context.jdbc.SqlScriptsTestExecutionListener, org.springframework.test.context.event.EventPublishingTestExecutionListener]
18:15:08.402 [Test worker] INFO org.springframework.boot.test.context.SpringBootTestContextBootstrapper - Using TestExecutionListeners: [org.springframework.test.context.web.ServletTestExecutionListener@3f7839bb, org.springframework.test.context.support.DirtiesContextBeforeModesTestExecutionListener@650660d7, org.springframework.boot.test.mock.mockito.MockitoTestExecutionListener@59e9af61, org.springframework.boot.test.autoconfigure.SpringBootDependencyInjectionTestExecutionListener@57b86047, org.springframework.test.context.support.DirtiesContextTestExecutionListener@29f32eea, org.springframework.test.context.transaction.TransactionalTestExecutionListener@7fa5f3db, org.springframework.test.context.jdbc.SqlScriptsTestExecutionListener@6ba3c9e9, org.springframework.test.context.event.EventPublishingTestExecutionListener@7f0d3682, org.springframework.boot.test.autoconfigure.restdocs.RestDocsTestExecutionListener@4f39d3f7, org.springframework.boot.test.autoconfigure.web.client.MockRestServiceServerResetTestExecutionListener@1f52cae0, org.springframework.boot.test.autoconfigure.web.servlet.MockMvcPrintOnlyOnFailureTestExecutionListener@6a4ba462, org.springframework.boot.test.autoconfigure.web.servlet.WebDriverTestExecutionListener@7c64268f, org.springframework.boot.test.mock.mockito.ResetMocksTestExecutionListener@7d43e49f]
18:15:08.410 [Test worker] DEBUG org.springframework.test.context.support.AbstractDirtiesContextTestExecutionListener - Before test class: context [DefaultTestContext@5ccc55d8 testClass = TuristApplicationTests, testInstance = [null], testMethod = [null], testException = [null], mergedContextConfiguration = [WebMergedContextConfiguration@53b14835 testClass = TuristApplicationTests, locations = '{}', classes = '{class com.zero.turist.TuristApplication}', contextInitializerClasses = '[]', activeProfiles = '{}', propertySourceLocations = '{}', propertySourceProperties = '{org.springframework.boot.test.context.SpringBootTestContextBootstrapper=true}', contextCustomizers = set[org.springframework.boot.test.autoconfigure.properties.PropertyMappingContextCustomizer@0, org.springframework.boot.test.autoconfigure.web.servlet.WebDriverContextCustomizerFactory$Customizer@7d8e0de4, org.springframework.boot.test.context.filter.ExcludeFilterContextCustomizer@15c729b5, org.springframework.boot.test.json.DuplicateJsonObjectContextCustomizerFactory$DuplicateJsonObjectContextCustomizer@67cba73b, org.springframework.boot.test.mock.mockito.MockitoContextCustomizer@0, org.springframework.boot.test.web.client.TestRestTemplateContextCustomizer@292c1645], resourceBasePath = 'src/main/webapp', contextLoader = 'org.springframework.boot.test.context.SpringBootContextLoader', parent = [null]], attributes = map['org.springframework.test.context.web.ServletTestExecutionListener.activateListener' -> true]], class annotated with @DirtiesContext [false] with mode [null].
18:15:08.461 [Test worker] DEBUG org.springframework.test.context.support.TestPropertySourceUtils - Adding inlined properties to environment: {spring.jmx.enabled=false, org.springframework.boot.test.context.SpringBootTestContextBootstrapper=true, server.port=-1}

  .   ____          _            __ _ _
 /\\ / ___'_ __ _ _(_)_ __  __ _ \ \ \ \
( ( )\___ | '_ | '_| | '_ \/ _` | \ \ \ \
 \\/  ___)| |_)| | | | | || (_| |  ) ) ) )
  '  |____| .__|_| |_|_| |_\__, | / / / /
 =========|_|==============|___/=/_/_/_/
 :: Spring Boot ::        (v2.2.5.RELEASE)

2020-03-15 18:15:09.146  INFO 7760 --- [    Test worker] com.zero.turist.TuristApplicationTests   : Starting TuristApplicationTests on WIN-4K6FJLJAJSS with PID 7760 (started by User in D:\turist)
2020-03-15 18:15:09.153  INFO 7760 --- [    Test worker] com.zero.turist.TuristApplicationTests   : No active profile set, falling back to default profiles: default
2020-03-15 18:15:11.544  INFO 7760 --- [    Test worker] .s.d.r.c.RepositoryConfigurationDelegate : Bootstrapping Spring Data JPA repositories in DEFAULT mode.
2020-03-15 18:15:11.689  INFO 7760 --- [    Test worker] .s.d.r.c.RepositoryConfigurationDelegate : Finished Spring Data repository scanning in 107ms. Found 3 JPA repository interfaces.
2020-03-15 18:15:13.443  INFO 7760 --- [    Test worker] com.zaxxer.hikari.HikariDataSource       : HikariPool-1 - Starting...
2020-03-15 18:15:13.729  INFO 7760 --- [    Test worker] com.zaxxer.hikari.HikariDataSource       : HikariPool-1 - Start completed.
2020-03-15 18:15:13.870  INFO 7760 --- [    Test worker] o.hibernate.jpa.internal.util.LogHelper  : HHH000204: Processing PersistenceUnitInfo [name: default]
2020-03-15 18:15:14.129  INFO 7760 --- [    Test worker] org.hibernate.Version                    : HHH000412: Hibernate ORM core version 5.4.12.Final
2020-03-15 18:15:14.435  INFO 7760 --- [    Test worker] o.hibernate.annotations.common.Version   : HCANN000001: Hibernate Commons Annotations {5.1.0.Final}
2020-03-15 18:15:14.596  INFO 7760 --- [    Test worker] org.hibernate.dialect.Dialect            : HHH000400: Using dialect: org.hibernate.dialect.H2Dialect
Hibernate: drop table company if exists
Hibernate: drop table region if exists
Hibernate: drop table service if exists
Hibernate: drop sequence if exists hibernate_sequence
Hibernate: create sequence hibernate_sequence start with 1 increment by 1
Hibernate: create table company (id integer not null, description varchar(255) not null, company_name varchar(255) not null, company_type integer, latitude double, longitude double, region integer, primary key (id))
Hibernate: create table region (region_id integer not null, region_name varchar(255), primary key (region_id))
Hibernate: create table service (id integer not null, company_id integer, amount integer check (amount>=0), description varchar(255), service_name varchar(255), price integer check (price>=0), primary key (id))
2020-03-15 18:15:15.725  INFO 7760 --- [    Test worker] o.h.e.t.j.p.i.JtaPlatformInitiator       : HHH000490: Using JtaPlatform implementation: [org.hibernate.engine.transaction.jta.platform.internal.NoJtaPlatform]
2020-03-15 18:15:15.736  INFO 7760 --- [    Test worker] j.LocalContainerEntityManagerFactoryBean : Initialized JPA EntityManagerFactory for persistence unit 'default'
2020-03-15 18:15:17.354  WARN 7760 --- [    Test worker] JpaBaseConfiguration$JpaWebConfiguration : spring.jpa.open-in-view is enabled by default. Therefore, database queries may be performed during view rendering. Explicitly configure spring.jpa.open-in-view to disable this warning
2020-03-15 18:15:17.810  INFO 7760 --- [    Test worker] pertySourcedRequestMappingHandlerMapping : Mapped URL path [/v2/api-docs] onto method [springfox.documentation.swagger2.web.Swagger2Controller#getDocumentation(String, HttpServletRequest)]
2020-03-15 18:15:18.495  INFO 7760 --- [    Test worker] o.s.s.concurrent.ThreadPoolTaskExecutor  : Initializing ExecutorService 'applicationTaskExecutor'
2020-03-15 18:15:18.951  INFO 7760 --- [    Test worker] o.s.b.a.h2.H2ConsoleAutoConfiguration    : H2 console available at '/h2-console'. Database available at 'jdbc:h2:mem:testdb'
2020-03-15 18:15:19.068  INFO 7760 --- [    Test worker] d.s.w.p.DocumentationPluginsBootstrapper : Context refreshed
2020-03-15 18:15:19.116  INFO 7760 --- [    Test worker] d.s.w.p.DocumentationPluginsBootstrapper : Found 1 custom documentation plugin(s)
2020-03-15 18:15:19.165  INFO 7760 --- [    Test worker] s.d.s.w.s.ApiListingReferenceScanner     : Scanning for api listing references
2020-03-15 18:15:19.544  INFO 7760 --- [    Test worker] com.zero.turist.TuristApplicationTests   : Started TuristApplicationTests in 11.072 seconds (JVM running for 13.503)
]]></system-out>
  <system-err><![CDATA[]]></system-err>
</testsuite>
